2025-08-24 21:08:38,001 - INFO - === INFORMAÇÕES DO SISTEMA ===
2025-08-24 21:08:38,001 - INFO - Sistema: Windows
2025-08-24 21:08:38,001 - INFO - Versão: 10.0.26100
2025-08-24 21:08:38,001 - INFO - Arquitetura: ('64bit', 'WindowsPE')
2025-08-24 21:08:38,001 - INFO - Processador: Intel64 Family 6 Model 198 Stepping 2, GenuineIntel
2025-08-24 21:08:38,002 - INFO - Python: 3.10.0
2025-08-24 21:08:38,002 - INFO - CPUs: 20
2025-08-24 21:08:38,002 - INFO - 
=== DRIVERS NVIDIA ===
2025-08-24 21:08:38,002 - WARNING - Driver NVIDIA não encontrado no registro
2025-08-24 21:08:38,002 - INFO - 
=== INSTALAÇÃO CUDA ===
2025-08-24 21:08:38,012 - WARNING - NVCC não encontrado
2025-08-24 21:08:38,012 - WARNING - Variáveis de ambiente CUDA não configuradas
2025-08-24 21:08:38,012 - INFO - 
=== PyTorch & GPU ===
2025-08-24 21:08:38,025 - INFO - PyTorch Version: 2.2.1+cu121
2025-08-24 21:08:38,025 - INFO - CUDA Available: True
2025-08-24 21:08:38,025 - INFO - CUDA Version: 12.1
2025-08-24 21:08:38,025 - INFO - cuDNN Version: 8801
2025-08-24 21:08:38,026 - INFO - Number of GPUs: 1
2025-08-24 21:08:38,027 - INFO - GPU 0: NVIDIA GeForce RTX 5060 Ti
2025-08-24 21:08:38,027 - INFO -   Memory: 8.0 GB
2025-08-24 21:08:38,027 - INFO -   Compute Capability: 12.0
2025-08-24 21:08:38,027 - INFO - 
=== TESTE DE PERFORMANCE GPU ===
2025-08-24 21:08:38,402 - INFO - Transferência CPU->GPU: 0.3758s
2025-08-24 21:08:38,826 - INFO - Operação matricial: 0.4231s
2025-08-24 21:08:39,333 - INFO - Transferência GPU->CPU: 0.5061s
2025-08-24 21:08:39,334 - INFO - 
==================================================
2025-08-24 21:08:39,334 - INFO - TESTE COMPLETO YOLOv8
2025-08-24 21:08:39,334 - INFO - ==================================================
2025-08-24 21:08:39,334 - INFO - 
=== TESTE YOLOv8-S ===
2025-08-24 21:08:39,367 - INFO - Modelo carregado em: 0.03s
2025-08-24 21:08:39,537 - ERROR - Erro no teste YOLOv8-s: CUDA error: no kernel image is available for execution on the device
CUDA kernel errors might be asynchronously reported at some other API call, so the stacktrace below might be incorrect.
For debugging consider passing CUDA_LAUNCH_BLOCKING=1.
Compile with `TORCH_USE_CUDA_DSA` to enable device-side assertions.

2025-08-24 21:08:41,550 - INFO - 
=== TESTE YOLOv8-M ===
2025-08-24 21:08:46,917 - INFO - Modelo carregado em: 5.37s
2025-08-24 21:08:46,972 - ERROR - Erro no teste YOLOv8-m: CUDA error: no kernel image is available for execution on the device
CUDA kernel errors might be asynchronously reported at some other API call, so the stacktrace below might be incorrect.
For debugging consider passing CUDA_LAUNCH_BLOCKING=1.
Compile with `TORCH_USE_CUDA_DSA` to enable device-side assertions.

2025-08-24 21:08:48,977 - INFO - 
=== TESTE YOLOv8-L ===
2025-08-24 21:08:58,575 - INFO - Modelo carregado em: 9.60s
2025-08-24 21:08:58,727 - ERROR - Erro no teste YOLOv8-l: CUDA error: no kernel image is available for execution on the device
CUDA kernel errors might be asynchronously reported at some other API call, so the stacktrace below might be incorrect.
For debugging consider passing CUDA_LAUNCH_BLOCKING=1.
Compile with `TORCH_USE_CUDA_DSA` to enable device-side assertions.

2025-08-24 21:09:00,743 - INFO - 
=== TESTE YOLOv8-X ===
2025-08-24 21:09:13,903 - INFO - Modelo carregado em: 13.16s
2025-08-24 21:09:14,057 - ERROR - Erro no teste YOLOv8-x: CUDA error: no kernel image is available for execution on the device
CUDA kernel errors might be asynchronously reported at some other API call, so the stacktrace below might be incorrect.
For debugging consider passing CUDA_LAUNCH_BLOCKING=1.
Compile with `TORCH_USE_CUDA_DSA` to enable device-side assertions.

2025-08-24 21:09:16,067 - INFO - 
============================================================
2025-08-24 21:09:16,067 - INFO - RELATÓRIO COMPLETO DE DIAGNÓSTICO
2025-08-24 21:09:16,067 - INFO - ============================================================
